<?xml version="1.0" encoding="UTF-8"?>
<!-- Generated by org.testng.reporters.JUnitXMLReporter -->
<testsuite ignored="0" hostname="LAPTOP-A85QRBEH" failures="1" tests="2" name="Default test" time="6.345" errors="0" timestamp="2025-09-15T19:17:00 IST">
  <testcase classname="io.cucumber.testng.AbstractTestNGCucumberTests" name="runScenario" time="4.81"/>
  <testcase classname="io.cucumber.testng.AbstractTestNGCucumberTests" name="runScenario" time="1.087">
    <failure type="java.lang.NullPointerException">
      <![CDATA[java.lang.NullPointerException
at java.base/java.util.Objects.requireNonNull(Objects.java:233)
at java.base/java.util.ImmutableCollections$Map1.<init>(ImmutableCollections.java:1112)
at java.base/java.util.Map.of(Map.java:1365)
at org.openqa.selenium.remote.DriverCommand.GET(DriverCommand.java:174)
at org.openqa.selenium.remote.RemoteWebDriver.get(RemoteWebDriver.java:325)
at hooks.Hooks.setUp(Hooks.java:41)
]]>
    </failure>
  </testcase> <!-- runScenario -->
</testsuite> <!-- Default test -->
